<?xml version="1.0" encoding="UTF-8"?>
<testsuite xmlns:xsi="http://www.w3.org/2001/XMLSchema-instance" xsi:noNamespaceSchemaLocation="https://maven.apache.org/surefire/maven-surefire-plugin/xsd/surefire-test-report.xsd" name="com.fn14.belajar.hibernate.TestUniqueConstraints" time="0.007" tests="2" errors="2" skipped="0" failures="0">
  <properties>
    <property name="java.specification.version" value="14"/>
    <property name="sun.cpu.isalist" value="amd64"/>
    <property name="sun.jnu.encoding" value="Cp1252"/>
    <property name="java.class.path" value="D:\SiteStudy\Java\belajar-hibernate\target\test-classes;D:\SiteStudy\Java\belajar-hibernate\target\classes;C:\Users\FN14\.m2\repository\junit\junit\4.11\junit-4.11.jar;C:\Users\FN14\.m2\repository\org\hamcrest\hamcrest-core\1.3\hamcrest-core-1.3.jar;C:\Users\FN14\.m2\repository\org\projectlombok\lombok\1.18.10\lombok-1.18.10.jar;C:\Users\FN14\.m2\repository\org\slf4j\slf4j-api\1.7.30\slf4j-api-1.7.30.jar;C:\Users\FN14\.m2\repository\org\slf4j\slf4j-simple\1.7.5\slf4j-simple-1.7.5.jar;C:\Users\FN14\.m2\repository\org\postgresql\postgresql\42.2.12.jre7\postgresql-42.2.12.jre7.jar;C:\Users\FN14\.m2\repository\com\zaxxer\HikariCP\3.4.2\HikariCP-3.4.2.jar;C:\Users\FN14\.m2\repository\org\hibernate\hibernate-core\5.4.22.Final\hibernate-core-5.4.22.Final.jar;C:\Users\FN14\.m2\repository\org\jboss\logging\jboss-logging\3.3.2.Final\jboss-logging-3.3.2.Final.jar;C:\Users\FN14\.m2\repository\javax\persistence\javax.persistence-api\2.2\javax.persistence-api-2.2.jar;C:\Users\FN14\.m2\repository\org\javassist\javassist\3.24.0-GA\javassist-3.24.0-GA.jar;C:\Users\FN14\.m2\repository\net\bytebuddy\byte-buddy\1.10.10\byte-buddy-1.10.10.jar;C:\Users\FN14\.m2\repository\antlr\antlr\2.7.7\antlr-2.7.7.jar;C:\Users\FN14\.m2\repository\org\jboss\spec\javax\transaction\jboss-transaction-api_1.2_spec\1.1.1.Final\jboss-transaction-api_1.2_spec-1.1.1.Final.jar;C:\Users\FN14\.m2\repository\org\jboss\jandex\2.1.3.Final\jandex-2.1.3.Final.jar;C:\Users\FN14\.m2\repository\com\fasterxml\classmate\1.5.1\classmate-1.5.1.jar;C:\Users\FN14\.m2\repository\javax\activation\javax.activation-api\1.2.0\javax.activation-api-1.2.0.jar;C:\Users\FN14\.m2\repository\org\dom4j\dom4j\2.1.3\dom4j-2.1.3.jar;C:\Users\FN14\.m2\repository\org\hibernate\common\hibernate-commons-annotations\5.1.0.Final\hibernate-commons-annotations-5.1.0.Final.jar;C:\Users\FN14\.m2\repository\javax\xml\bind\jaxb-api\2.3.1\jaxb-api-2.3.1.jar;C:\Users\FN14\.m2\repository\org\glassfish\jaxb\jaxb-runtime\2.3.1\jaxb-runtime-2.3.1.jar;C:\Users\FN14\.m2\repository\org\glassfish\jaxb\txw2\2.3.1\txw2-2.3.1.jar;C:\Users\FN14\.m2\repository\com\sun\istack\istack-commons-runtime\3.0.7\istack-commons-runtime-3.0.7.jar;C:\Users\FN14\.m2\repository\org\jvnet\staxex\stax-ex\1.8\stax-ex-1.8.jar;C:\Users\FN14\.m2\repository\com\sun\xml\fastinfoset\FastInfoset\1.2.15\FastInfoset-1.2.15.jar;C:\Users\FN14\.m2\repository\org\hibernate\hibernate-java8\5.4.22.Final\hibernate-java8-5.4.22.Final.jar;C:\Users\FN14\.m2\repository\org\hibernate\validator\hibernate-validator\6.1.6.Final\hibernate-validator-6.1.6.Final.jar;C:\Users\FN14\.m2\repository\jakarta\validation\jakarta.validation-api\2.0.2\jakarta.validation-api-2.0.2.jar;C:\Users\FN14\.m2\repository\org\hibernate\hibernate-jpamodelgen\5.4.22.Final\hibernate-jpamodelgen-5.4.22.Final.jar;"/>
    <property name="java.vm.vendor" value="Oracle Corporation"/>
    <property name="sun.arch.data.model" value="64"/>
    <property name="user.variant" value=""/>
    <property name="java.vendor.url" value="https://java.oracle.com/"/>
    <property name="user.timezone" value="Asia/Jakarta"/>
    <property name="os.name" value="Windows 10"/>
    <property name="java.vm.specification.version" value="14"/>
    <property name="user.country" value="US"/>
    <property name="sun.java.launcher" value="SUN_STANDARD"/>
    <property name="sun.boot.library.path" value="C:\Program Files\Java\jdk-14.0.2\bin"/>
    <property name="sun.java.command" value="C:\Users\FN14\AppData\Local\Temp\surefire4975007683459461586\surefirebooter965251828811344461.jar C:\Users\FN14\AppData\Local\Temp\surefire4975007683459461586 2021-04-25T23-26-31_837-jvmRun1 surefire5444550192891758126tmp surefire_012539615425838997068tmp"/>
    <property name="jdk.debug" value="release"/>
    <property name="surefire.test.class.path" value="D:\SiteStudy\Java\belajar-hibernate\target\test-classes;D:\SiteStudy\Java\belajar-hibernate\target\classes;C:\Users\FN14\.m2\repository\junit\junit\4.11\junit-4.11.jar;C:\Users\FN14\.m2\repository\org\hamcrest\hamcrest-core\1.3\hamcrest-core-1.3.jar;C:\Users\FN14\.m2\repository\org\projectlombok\lombok\1.18.10\lombok-1.18.10.jar;C:\Users\FN14\.m2\repository\org\slf4j\slf4j-api\1.7.30\slf4j-api-1.7.30.jar;C:\Users\FN14\.m2\repository\org\slf4j\slf4j-simple\1.7.5\slf4j-simple-1.7.5.jar;C:\Users\FN14\.m2\repository\org\postgresql\postgresql\42.2.12.jre7\postgresql-42.2.12.jre7.jar;C:\Users\FN14\.m2\repository\com\zaxxer\HikariCP\3.4.2\HikariCP-3.4.2.jar;C:\Users\FN14\.m2\repository\org\hibernate\hibernate-core\5.4.22.Final\hibernate-core-5.4.22.Final.jar;C:\Users\FN14\.m2\repository\org\jboss\logging\jboss-logging\3.3.2.Final\jboss-logging-3.3.2.Final.jar;C:\Users\FN14\.m2\repository\javax\persistence\javax.persistence-api\2.2\javax.persistence-api-2.2.jar;C:\Users\FN14\.m2\repository\org\javassist\javassist\3.24.0-GA\javassist-3.24.0-GA.jar;C:\Users\FN14\.m2\repository\net\bytebuddy\byte-buddy\1.10.10\byte-buddy-1.10.10.jar;C:\Users\FN14\.m2\repository\antlr\antlr\2.7.7\antlr-2.7.7.jar;C:\Users\FN14\.m2\repository\org\jboss\spec\javax\transaction\jboss-transaction-api_1.2_spec\1.1.1.Final\jboss-transaction-api_1.2_spec-1.1.1.Final.jar;C:\Users\FN14\.m2\repository\org\jboss\jandex\2.1.3.Final\jandex-2.1.3.Final.jar;C:\Users\FN14\.m2\repository\com\fasterxml\classmate\1.5.1\classmate-1.5.1.jar;C:\Users\FN14\.m2\repository\javax\activation\javax.activation-api\1.2.0\javax.activation-api-1.2.0.jar;C:\Users\FN14\.m2\repository\org\dom4j\dom4j\2.1.3\dom4j-2.1.3.jar;C:\Users\FN14\.m2\repository\org\hibernate\common\hibernate-commons-annotations\5.1.0.Final\hibernate-commons-annotations-5.1.0.Final.jar;C:\Users\FN14\.m2\repository\javax\xml\bind\jaxb-api\2.3.1\jaxb-api-2.3.1.jar;C:\Users\FN14\.m2\repository\org\glassfish\jaxb\jaxb-runtime\2.3.1\jaxb-runtime-2.3.1.jar;C:\Users\FN14\.m2\repository\org\glassfish\jaxb\txw2\2.3.1\txw2-2.3.1.jar;C:\Users\FN14\.m2\repository\com\sun\istack\istack-commons-runtime\3.0.7\istack-commons-runtime-3.0.7.jar;C:\Users\FN14\.m2\repository\org\jvnet\staxex\stax-ex\1.8\stax-ex-1.8.jar;C:\Users\FN14\.m2\repository\com\sun\xml\fastinfoset\FastInfoset\1.2.15\FastInfoset-1.2.15.jar;C:\Users\FN14\.m2\repository\org\hibernate\hibernate-java8\5.4.22.Final\hibernate-java8-5.4.22.Final.jar;C:\Users\FN14\.m2\repository\org\hibernate\validator\hibernate-validator\6.1.6.Final\hibernate-validator-6.1.6.Final.jar;C:\Users\FN14\.m2\repository\jakarta\validation\jakarta.validation-api\2.0.2\jakarta.validation-api-2.0.2.jar;C:\Users\FN14\.m2\repository\org\hibernate\hibernate-jpamodelgen\5.4.22.Final\hibernate-jpamodelgen-5.4.22.Final.jar;"/>
    <property name="sun.cpu.endian" value="little"/>
    <property name="user.home" value="C:\Users\FN14"/>
    <property name="user.language" value="en"/>
    <property name="java.specification.vendor" value="Oracle Corporation"/>
    <property name="java.version.date" value="2020-07-14"/>
    <property name="java.home" value="C:\Program Files\Java\jdk-14.0.2"/>
    <property name="file.separator" value="\"/>
    <property name="basedir" value="D:\SiteStudy\Java\belajar-hibernate"/>
    <property name="java.vm.compressedOopsMode" value="Zero based"/>
    <property name="line.separator" value="&#10;"/>
    <property name="java.vm.specification.vendor" value="Oracle Corporation"/>
    <property name="java.specification.name" value="Java Platform API Specification"/>
    <property name="surefire.real.class.path" value="C:\Users\FN14\AppData\Local\Temp\surefire4975007683459461586\surefirebooter965251828811344461.jar"/>
    <property name="user.script" value=""/>
    <property name="sun.management.compiler" value="HotSpot 64-Bit Tiered Compilers"/>
    <property name="java.runtime.version" value="14.0.2+12-46"/>
    <property name="user.name" value="FN14"/>
    <property name="path.separator" value=";"/>
    <property name="os.version" value="10.0"/>
    <property name="java.runtime.name" value="Java(TM) SE Runtime Environment"/>
    <property name="file.encoding" value="UTF-8"/>
    <property name="java.vm.name" value="Java HotSpot(TM) 64-Bit Server VM"/>
    <property name="maven.ext.class.path" value="C:\Program Files\NetBeans-12.3\netbeans\java\maven-nblib\netbeans-eventspy.jar"/>
    <property name="localRepository" value="C:\Users\FN14\.m2\repository"/>
    <property name="java.vendor.url.bug" value="https://bugreport.java.com/bugreport/"/>
    <property name="java.io.tmpdir" value="C:\Users\FN14\AppData\Local\Temp\"/>
    <property name="java.version" value="14.0.2"/>
    <property name="user.dir" value="D:\SiteStudy\Java\belajar-hibernate"/>
    <property name="os.arch" value="amd64"/>
    <property name="java.vm.specification.name" value="Java Virtual Machine Specification"/>
    <property name="sun.os.patch.level" value=""/>
    <property name="java.library.path" value="C:\Program Files\Java\jdk-14.0.2\bin;C:\WINDOWS\Sun\Java\bin;C:\WINDOWS\system32;C:\WINDOWS;C:\WINDOWS\system32;C:\WINDOWS;C:\WINDOWS\System32\Wbem;C:\WINDOWS\System32\WindowsPowerShell\v1.0\;C:\WINDOWS\System32\OpenSSH\;C:\Program Files\Microsoft SQL Server\130\Tools\Binn\;C:\Program Files\Microsoft SQL Server\Client SDK\ODBC\170\Tools\Binn\;D:\xampp\php;C:\ProgramData\ComposerSetup\bin;C:\Program Files\nodejs\;C:\Program Files\TortoiseSVN\bin;C:\Program Files (x86)\Microsoft SQL Server\150\DTS\Binn\;C:\Program Files (x86)\Microsoft SQL Server\150\Tools\Binn\;C:\Program Files\Microsoft SQL Server\150\Tools\Binn\;C:\Program Files\Microsoft SQL Server\150\DTS\Binn\;C:\Program Files (x86)\Microsoft ASP.NET\ASP.NET Web Pages\v1.0\;C:\Program Files\dotnet\;C:\Program Files (x86)\dotnet\;C:\Program Files (x86)\ZeroTier\One\;C:\Program Files (x86)\GtkSharp\2.12\bin;C:\Python\Python38-32\Scripts\;C:\Python\Python38-32\;C:\Users\FN14\AppData\Local\Microsoft\WindowsApps;C:\Users\FN14\AppData\Local\Programs\Microsoft VS Code\bin;C:\Users\FN14\AppData\Roaming\Composer\vendor\bin;C:\Program Files\Java\jdk-14.0.2\bin;C:\Users\FN14\AppData\Roaming\npm;C:\Program Files\Azure Data Studio\bin;C:\Users\FN14\.dotnet\tools;D:\SiteStudy\Java\apache-maven-3.6.3\bin;;."/>
    <property name="java.vm.info" value="mixed mode, sharing"/>
    <property name="java.vendor" value="Oracle Corporation"/>
    <property name="java.vm.version" value="14.0.2+12-46"/>
    <property name="sun.io.unicode.encoding" value="UnicodeLittle"/>
    <property name="java.class.version" value="58.0"/>
  </properties>
  <testcase name="testInsertInValid" classname="com.fn14.belajar.hibernate.TestUniqueConstraints" time="0.003">
    <error message="org.hibernate.exception.ConstraintViolationException: could not execute statement" type="javax.persistence.PersistenceException">javax.persistence.PersistenceException: org.hibernate.exception.ConstraintViolationException: could not execute statement
	at com.fn14.belajar.hibernate.TestUniqueConstraints.testInsertInValid(TestUniqueConstraints.java:69)
Caused by: org.hibernate.exception.ConstraintViolationException: could not execute statement
	at com.fn14.belajar.hibernate.TestUniqueConstraints.testInsertInValid(TestUniqueConstraints.java:69)
Caused by: org.postgresql.util.PSQLException: 
ERROR: duplicate key value violates unique constraint "un_kelas"
  Detail: Key (name, th_angkatan)=(IPS 1, 1993) already exists.
	at com.fn14.belajar.hibernate.TestUniqueConstraints.testInsertInValid(TestUniqueConstraints.java:69)
</error>
    <system-out><![CDATA[init hibernate session
Hibernate: 
    insert 
    into
        tb_kelasconstraint
        (create_by, create_date, name, update_by, update_date, th_angkatan, id) 
    values
        (?, ?, ?, ?, ?, ?, ?)
Hibernate: 
    insert 
    into
        tb_kelasconstraint
        (create_by, create_date, name, update_by, update_date, th_angkatan, id) 
    values
        (?, ?, ?, ?, ?, ?, ?)
destroy hibernate session!
]]></system-out>
    <system-err><![CDATA[Apr 25, 2021 11:26:37 PM org.hibernate.engine.jdbc.spi.SqlExceptionHelper logExceptions
WARN: SQL Error: 0, SQLState: 23505
Apr 25, 2021 11:26:37 PM org.hibernate.engine.jdbc.spi.SqlExceptionHelper logExceptions
ERROR: ERROR: duplicate key value violates unique constraint "un_kelas"
  Detail: Key (name, th_angkatan)=(IPS 1, 1993) already exists.
]]></system-err>
  </testcase>
  <testcase name="testInsertValid" classname="com.fn14.belajar.hibernate.TestUniqueConstraints" time="0.003">
    <error message="org.hibernate.exception.ConstraintViolationException: could not execute statement" type="javax.persistence.PersistenceException">javax.persistence.PersistenceException: org.hibernate.exception.ConstraintViolationException: could not execute statement
	at com.fn14.belajar.hibernate.TestUniqueConstraints.testInsertValid(TestUniqueConstraints.java:44)
Caused by: org.hibernate.exception.ConstraintViolationException: could not execute statement
	at com.fn14.belajar.hibernate.TestUniqueConstraints.testInsertValid(TestUniqueConstraints.java:44)
Caused by: org.postgresql.util.PSQLException: 
ERROR: duplicate key value violates unique constraint "un_kelas"
  Detail: Key (name, th_angkatan)=(IPS 2, 2001) already exists.
	at com.fn14.belajar.hibernate.TestUniqueConstraints.testInsertValid(TestUniqueConstraints.java:44)
</error>
    <system-out><![CDATA[init hibernate session
Hibernate: 
    insert 
    into
        tb_kelasconstraint
        (create_by, create_date, name, update_by, update_date, th_angkatan, id) 
    values
        (?, ?, ?, ?, ?, ?, ?)
destroy hibernate session!
]]></system-out>
    <system-err><![CDATA[Apr 25, 2021 11:26:37 PM org.hibernate.engine.jdbc.spi.SqlExceptionHelper logExceptions
WARN: SQL Error: 0, SQLState: 23505
Apr 25, 2021 11:26:37 PM org.hibernate.engine.jdbc.spi.SqlExceptionHelper logExceptions
ERROR: ERROR: duplicate key value violates unique constraint "un_kelas"
  Detail: Key (name, th_angkatan)=(IPS 2, 2001) already exists.
]]></system-err>
  </testcase>
</testsuite>